<?xml version="1.0" encoding="UTF-8"?>
<!-- Generated by org.testng.reporters.JUnitReportReporter -->
<testsuite hostname="radmin-pc" name="com.pcloudy.testng.TestClass2" tests="2" failures="0" timestamp="28 Mar 2019 12:08:35 GMT" time="9.646" errors="0">
  <testcase name="test2" time="5.244" classname="com.pcloudy.testng.TestClass2"/>
  <testcase name="test2" time="4.402" classname="com.pcloudy.testng.TestClass2"/>
</testsuite> <!-- com.pcloudy.testng.TestClass2 -->
