<?xml version="1.0" encoding="UTF-8"?>
<!-- Generated by org.testng.reporters.JUnitReportReporter -->
<testsuite hostname="radmin-pc" name="com.pcloudy.testng.TestClass1" tests="2" failures="0" timestamp="28 Mar 2019 12:08:35 GMT" time="9.607" errors="0">
  <testcase name="test1" time="5.117" classname="com.pcloudy.testng.TestClass1"/>
  <testcase name="test1" time="4.490" classname="com.pcloudy.testng.TestClass1"/>
</testsuite> <!-- com.pcloudy.testng.TestClass1 -->
